\BOOKMARK [1][-]{section.1}{R\351solution d'une EDP par \351l\351ments finis de type N\351delec}{}% 1
\BOOKMARK [2][-]{subsection.1.1}{Position du probl\350me}{section.1}% 2
\BOOKMARK [2][-]{subsection.1.2}{Formulation faible}{section.1}% 3
\BOOKMARK [2][-]{subsection.1.3}{Maillage du domaine et approximation de Galerkin}{section.1}% 4
\BOOKMARK [3][-]{subsubsection.1.3.1}{Espace d'approximation Vh}{subsection.1.3}% 5
\BOOKMARK [3][-]{subsubsection.1.3.2}{Base de l'espace Vh}{subsection.1.3}% 6
\BOOKMARK [3][-]{subsubsection.1.3.3}{Propri\351t\351s des fonctions de base}{subsection.1.3}% 7
\BOOKMARK [2][-]{subsection.1.4}{Construction du syst\350me matriciel \351l\351mentaire}{section.1}% 8
\BOOKMARK [3][-]{subsubsection.1.4.1}{Fonctions de base sur l'\351l\351ment de r\351f\351rence}{subsection.1.4}% 9
\BOOKMARK [3][-]{subsubsection.1.4.2}{Transformation g\351om\351trique}{subsection.1.4}% 10
\BOOKMARK [3][-]{subsubsection.1.4.3}{\311criture des termes de formulation}{subsection.1.4}% 11
\BOOKMARK [3][-]{subsubsection.1.4.4}{Int\351gration num\351rique}{subsection.1.4}% 12
\BOOKMARK [2][-]{subsection.1.5}{Assemblage et r\351solution}{section.1}% 13
\BOOKMARK [3][-]{subsubsection.1.5.1}{Assemblage}{subsection.1.5}% 14
\BOOKMARK [3][-]{subsubsection.1.5.2}{Visualisation des r\351sultats}{subsection.1.5}% 15
\BOOKMARK [3][-]{subsubsection.1.5.3}{\311tude de convergence L2}{subsection.1.5}% 16
\BOOKMARK [2][-]{subsection.1.6}{Remarques}{section.1}% 17
\BOOKMARK [1][-]{section.2}{R\351solution d'une EDP par \351l\351ments finis de type Raviart-Thomas en 3D}{}% 18
\BOOKMARK [2][-]{subsection.2.1}{Position du probl\350me}{section.2}% 19
\BOOKMARK [2][-]{subsection.2.2}{Formulation faible}{section.2}% 20
\BOOKMARK [2][-]{subsection.2.3}{Maillage du domaine et approximation de Galerkin}{section.2}% 21
\BOOKMARK [2][-]{subsection.2.4}{Construction du syst\350me matriciel \351l\351mentaire}{section.2}% 22
\BOOKMARK [3][-]{subsubsection.2.4.1}{Fonctions de base sur l'\351l\351ment de r\351f\351rence}{subsection.2.4}% 23
\BOOKMARK [3][-]{subsubsection.2.4.2}{Transformation g\351om\351trique}{subsection.2.4}% 24
\BOOKMARK [3][-]{subsubsection.2.4.3}{\311criture des termes de formulation}{subsection.2.4}% 25
\BOOKMARK [2][-]{subsection.2.5}{Assemblage et r\351solution}{section.2}% 26
\BOOKMARK [3][-]{subsubsection.2.5.1}{Assemblage}{subsection.2.5}% 27
\BOOKMARK [3][-]{subsubsection.2.5.2}{Visualisation des r\351sultats}{subsection.2.5}% 28
\BOOKMARK [3][-]{subsubsection.2.5.3}{\311tude de convergence L2}{subsection.2.5}% 29
\BOOKMARK [1][-]{section.3}{Aspects pratiques de l'utilisation de MEF++}{}% 30
\BOOKMARK [2][-]{subsection.3.1}{A propos de MEF++}{section.3}% 31
\BOOKMARK [2][-]{subsection.3.2}{Principes g\351n\351raux de la r\351solution d'une EDP sous MEF++}{section.3}% 32
\BOOKMARK [2][-]{subsection.3.3}{Organisation du r\351pertoire de travail}{section.3}% 33
\BOOKMARK [3][-]{subsubsection.3.3.1}{Arborescence du r\351pertoire de travail}{subsection.3.3}% 34
\BOOKMARK [3][-]{subsubsection.3.3.2}{Dossier GIREF/}{subsection.3.3}% 35
\BOOKMARK [3][-]{subsubsection.3.3.3}{Dossier maillages/ }{subsection.3.3}% 36
\BOOKMARK [3][-]{subsubsection.3.3.4}{Dossier Tests\137prob***/}{subsection.3.3}% 37
\BOOKMARK [2][-]{subsection.3.4}{Logiciels auxiliaires utilis\351s}{section.3}% 38
\BOOKMARK [3][-]{subsubsection.3.4.1}{Git}{subsection.3.4}% 39
\BOOKMARK [3][-]{subsubsection.3.4.2}{Redmine}{subsection.3.4}% 40
\BOOKMARK [3][-]{subsubsection.3.4.3}{Maple}{subsection.3.4}% 41
\BOOKMARK [3][-]{subsubsection.3.4.4}{Outils de parallelisation}{subsection.3.4}% 42
\BOOKMARK [3][-]{subsubsection.3.4.5}{Autres logiciels}{subsection.3.4}% 43
\BOOKMARK [1][-]{section.4}{Annexe : D\351monstrations des transformations des fonctions de bases vers l'\351l\351ment de r\351f\351rence}{}% 44
\BOOKMARK [2][-]{subsection.4.1}{Transformation des fonctions de bases de N\351delec}{section.4}% 45
\BOOKMARK [2][-]{subsection.4.2}{Transformation du rotationnel des fonctions de bases de N\351d\351lec}{section.4}% 46
\BOOKMARK [3][-]{subsubsection.4.2.1}{En dimension 2}{subsection.4.2}% 47
\BOOKMARK [3][-]{subsubsection.4.2.2}{En dimension 3}{subsection.4.2}% 48
\BOOKMARK [2][-]{subsection.4.3}{Transformation des fonctions de bases de Raviart-Thomas}{section.4}% 49
\BOOKMARK [2][-]{subsection.4.4}{Transformation de la divergence des fonctions de bases de Raviart-Thomas}{section.4}% 50
\BOOKMARK [1][-]{section.5}{R\351f\351rences}{}% 51
